   4806 From: Doctor Peterson
   4260 From: Doctor Ian
   2826 From: Doctor Vogler
   2181 From: Doctor Jerry
   2044 From: Doctor Fenton
   1785 From: Doctor Roy
   1575 From: Doctor Douglas
   1378 From: Doctor Anthony
   1371 From: Doctor Rick
   1332 From: Doctor Greenie
   1215 From: Doctor Rob
    777 From: Doctor Tom
    519 From: Doctor Mitteldorf
    457 From: Doctor Wilkinson
    318 From: Doctor Jacques
    302 From: Doctor Achilles
    210 From: Doctor Schwa
    192 From: Doctor Jeremiah
    173 From: Doctor Pete
    167 From: Doctor Shawn
    129 From: Doctor Korsak
    128 From: Doctor Luis
    127 From: Doctor Jason
    125 From: Doctor Justin
    111 From: Doctor White
    102 From: Doctor Dotty
     82 From: Doctor George
     68 From: Doctor Edwin
     67 From: Doctor Mike
     62 From: Doctor Jordan
     59 From: Doctor Link
     56 From: Doctor Paul
     56 From: Doctor Cheshbon
     54 From: Doctor Jaffee
     50 From: Doctor Willae
     50 From: Doctor Wilko
     49 From: Doctor Floor
     42 From: Doctor Hans
     35 From: Doctor Jaime
     26 From: Doctor Terrel
     25 From: Doctor Roberts
     19 From: Doctor Beryllium
     14 From: Doctor Katy
     11 From: Doctor Riz
     10 From: Doctor Kastner
      9 From: Doctor Cannon
      8 From: Doctor Pepper
      7 From: Doctor Wallace
      7 From: Doctor Samus
      7 From: Doctor Barrus
      6 From: Doctor Robert
      6 From: Doctor Marshall
      4 From: Doctor Nitrogen
      3 From: Doctor Warren
      3 From: Doctor Urth
      3 From: Doctor Stephanie
      3 From: Doctor Chieh
      2 From: Doctor Jilleen
